<?xml version="1.0" encoding="UTF-8"?>
<testng-results ignored="0" total="1" passed="1" failed="0" skipped="0">
  <reporter-output>
  </reporter-output>
  <suite started-at="2022-06-06T13:18:27 IST" name="Default suite" finished-at="2022-06-06T13:18:34 IST" duration-ms="6642">
    <groups>
    </groups>
    <test started-at="2022-06-06T13:18:27 IST" name="Default test" finished-at="2022-06-06T13:18:34 IST" duration-ms="6642">
      <class name="apichaining.EndToEndTest">
        <test-method signature="test1()[pri:0, instance:apichaining.EndToEndTest@34f5090e]" started-at="2022-06-06T13:18:27 IST" name="test1" finished-at="2022-06-06T13:18:34 IST" duration-ms="6570" status="PASS">
          <reporter-output>
          </reporter-output>
        </test-method> <!-- test1 -->
      </class> <!-- apichaining.EndToEndTest -->
    </test> <!-- Default test -->
  </suite> <!-- Default suite -->
</testng-results>
